This file contains any messages produced by compilers while
running configure, to aid debugging if configure makes a mistake.

It was created by configure, which was
generated by GNU Autoconf 2.61.  Invocation command line was

  $ ./configure --with-fltk=/data/vo/mlis/src/spacious-0.2-setup/bin --with-mesa

## --------- ##
## Platform. ##
## --------- ##

hostname = asti
uname -m = x86_64
uname -r = 2.6.32-5-amd64
uname -s = Linux
uname -v = #1 SMP Sat May 5 01:12:59 UTC 2012

/usr/bin/uname -p = unknown
/bin/uname -X     = unknown

/bin/arch              = unknown
/usr/bin/arch -k       = unknown
/usr/convex/getsysinfo = unknown
/usr/bin/hostinfo      = unknown
/bin/machine           = unknown
/usr/bin/oslevel       = unknown
/bin/universe          = unknown

PATH: /usr/local/bin
PATH: /usr/bin
PATH: /bin
PATH: /usr/bin/X11
PATH: /usr/games


## ----------- ##
## Core tests. ##
## ----------- ##

configure:1805: checking build system type
configure:1823: result: x86_64-unknown-linux-gnu
configure:1845: checking host system type
configure:1860: result: x86_64-unknown-linux-gnu
configure:1937: checking for gcc
configure:1953: found /usr/bin/gcc
configure:1964: result: gcc
configure:2202: checking for C compiler version
configure:2209: gcc --version >&5
gcc (Debian 4.4.5-8) 4.4.5
Copyright (C) 2010 Free Software Foundation, Inc.
This is free software; see the source for copying conditions.  There is NO
warranty; not even for MERCHANTABILITY or FITNESS FOR A PARTICULAR PURPOSE.

configure:2212: $? = 0
configure:2219: gcc -v >&5
Using built-in specs.
Target: x86_64-linux-gnu
Configured with: ../src/configure -v --with-pkgversion='Debian 4.4.5-8' --with-bugurl=file:///usr/share/doc/gcc-4.4/README.Bugs --enable-languages=c,c++,fortran,objc,obj-c++ --prefix=/usr --program-suffix=-4.4 --enable-shared --enable-multiarch --enable-linker-build-id --with-system-zlib --libexecdir=/usr/lib --without-included-gettext --enable-threads=posix --with-gxx-include-dir=/usr/include/c++/4.4 --libdir=/usr/lib --enable-nls --enable-clocale=gnu --enable-libstdcxx-debug --enable-objc-gc --with-arch-32=i586 --with-tune=generic --enable-checking=release --build=x86_64-linux-gnu --host=x86_64-linux-gnu --target=x86_64-linux-gnu
Thread model: posix
gcc version 4.4.5 (Debian 4.4.5-8) 
configure:2222: $? = 0
configure:2229: gcc -V >&5
gcc: '-V' option must have argument
configure:2232: $? = 1
configure:2255: checking for C compiler default output file name
configure:2282: gcc    conftest.c  >&5
configure:2285: $? = 0
configure:2323: result: a.out
configure:2340: checking whether the C compiler works
configure:2350: ./a.out
configure:2353: $? = 0
configure:2370: result: yes
configure:2377: checking whether we are cross compiling
configure:2379: result: no
configure:2382: checking for suffix of executables
configure:2389: gcc -o conftest    conftest.c  >&5
configure:2392: $? = 0
configure:2416: result: 
configure:2422: checking for suffix of object files
configure:2448: gcc -c   conftest.c >&5
configure:2451: $? = 0
configure:2474: result: o
configure:2478: checking whether we are using the GNU C compiler
configure:2507: gcc -c   conftest.c >&5
configure:2513: $? = 0
configure:2530: result: yes
configure:2535: checking whether gcc accepts -g
configure:2565: gcc -c -g  conftest.c >&5
configure:2571: $? = 0
configure:2670: result: yes
configure:2687: checking for gcc option to accept ISO C89
configure:2761: gcc  -c -g -O2  conftest.c >&5
configure:2767: $? = 0
configure:2790: result: none needed
configure:2814: checking how to run the C preprocessor
configure:2854: gcc -E  conftest.c
configure:2860: $? = 0
configure:2891: gcc -E  conftest.c
conftest.c:8:28: error: ac_nonexistent.h: No such file or directory
configure:2897: $? = 1
configure: failed program was:
| /* confdefs.h.  */
| #define PACKAGE_NAME ""
| #define PACKAGE_TARNAME ""
| #define PACKAGE_VERSION ""
| #define PACKAGE_STRING ""
| #define PACKAGE_BUGREPORT ""
| /* end confdefs.h.  */
| #include <ac_nonexistent.h>
configure:2930: result: gcc -E
configure:2959: gcc -E  conftest.c
configure:2965: $? = 0
configure:2996: gcc -E  conftest.c
conftest.c:8:28: error: ac_nonexistent.h: No such file or directory
configure:3002: $? = 1
configure: failed program was:
| /* confdefs.h.  */
| #define PACKAGE_NAME ""
| #define PACKAGE_TARNAME ""
| #define PACKAGE_VERSION ""
| #define PACKAGE_STRING ""
| #define PACKAGE_BUGREPORT ""
| /* end confdefs.h.  */
| #include <ac_nonexistent.h>
configure:3040: checking for grep that handles long lines and -e
configure:3114: result: /bin/grep
configure:3119: checking for egrep
configure:3197: result: /bin/grep -E
configure:3202: checking for ANSI C header files
configure:3232: gcc -c -g -O2  conftest.c >&5
configure:3238: $? = 0
configure:3337: gcc -o conftest -g -O2   conftest.c  >&5
configure:3340: $? = 0
configure:3346: ./conftest
configure:3349: $? = 0
configure:3366: result: yes
configure:3385: checking for strchr
configure:3441: gcc -o conftest -g -O2   conftest.c  >&5
conftest.c:32: warning: conflicting types for built-in function 'strchr'
configure:3447: $? = 0
configure:3465: result: yes
configure:3385: checking for memcpy
configure:3441: gcc -o conftest -g -O2   conftest.c  >&5
conftest.c:33: warning: conflicting types for built-in function 'memcpy'
configure:3447: $? = 0
configure:3465: result: yes
configure:3385: checking for snprintf
configure:3441: gcc -o conftest -g -O2   conftest.c  >&5
conftest.c:34: warning: conflicting types for built-in function 'snprintf'
configure:3447: $? = 0
configure:3465: result: yes
configure:3385: checking for strcasecmp
configure:3441: gcc -o conftest -g -O2   conftest.c  >&5
conftest.c:35: warning: conflicting types for built-in function 'strcasecmp'
configure:3447: $? = 0
configure:3465: result: yes
configure:3385: checking for rint
configure:3441: gcc -o conftest -g -O2   conftest.c  >&5
conftest.c:36: warning: conflicting types for built-in function 'rint'
/tmp/cc3Un0Wd.o: In function `main':
/data/vo/mlis/src/spacious-0.2-setup/src/conftest.c:47: undefined reference to `rint'
collect2: ld returned 1 exit status
configure:3447: $? = 1
configure: failed program was:
| /* confdefs.h.  */
| #define PACKAGE_NAME ""
| #define PACKAGE_TARNAME ""
| #define PACKAGE_VERSION ""
| #define PACKAGE_STRING ""
| #define PACKAGE_BUGREPORT ""
| #define STDC_HEADERS 1
| #define HAVE_STRCHR 1
| #define HAVE_MEMCPY 1
| #define HAVE_SNPRINTF 1
| #define HAVE_STRCASECMP 1
| /* end confdefs.h.  */
| /* Define rint to an innocuous variant, in case <limits.h> declares rint.
|    For example, HP-UX 11i <limits.h> declares gettimeofday.  */
| #define rint innocuous_rint
| 
| /* System header to define __stub macros and hopefully few prototypes,
|     which can conflict with char rint (); below.
|     Prefer <limits.h> to <assert.h> if __STDC__ is defined, since
|     <limits.h> exists even on freestanding compilers.  */
| 
| #ifdef __STDC__
| # include <limits.h>
| #else
| # include <assert.h>
| #endif
| 
| #undef rint
| 
| /* Override any GCC internal prototype to avoid an error.
|    Use char because int might match the return type of a GCC
|    builtin and then its argument prototype would still apply.  */
| #ifdef __cplusplus
| extern "C"
| #endif
| char rint ();
| /* The GNU C library defines this for functions which it implements
|     to always fail with ENOSYS.  Some functions are actually named
|     something starting with __ and the normal name is an alias.  */
| #if defined __stub_rint || defined __stub___rint
| choke me
| #endif
| 
| int
| main ()
| {
| return rint ();
|   ;
|   return 0;
| }
configure:3465: result: no
configure:3385: checking for sqrtf
configure:3441: gcc -o conftest -g -O2   conftest.c  >&5
conftest.c:36: warning: conflicting types for built-in function 'sqrtf'
/tmp/ccuddQZj.o: In function `main':
/data/vo/mlis/src/spacious-0.2-setup/src/conftest.c:47: undefined reference to `sqrtf'
collect2: ld returned 1 exit status
configure:3447: $? = 1
configure: failed program was:
| /* confdefs.h.  */
| #define PACKAGE_NAME ""
| #define PACKAGE_TARNAME ""
| #define PACKAGE_VERSION ""
| #define PACKAGE_STRING ""
| #define PACKAGE_BUGREPORT ""
| #define STDC_HEADERS 1
| #define HAVE_STRCHR 1
| #define HAVE_MEMCPY 1
| #define HAVE_SNPRINTF 1
| #define HAVE_STRCASECMP 1
| /* end confdefs.h.  */
| /* Define sqrtf to an innocuous variant, in case <limits.h> declares sqrtf.
|    For example, HP-UX 11i <limits.h> declares gettimeofday.  */
| #define sqrtf innocuous_sqrtf
| 
| /* System header to define __stub macros and hopefully few prototypes,
|     which can conflict with char sqrtf (); below.
|     Prefer <limits.h> to <assert.h> if __STDC__ is defined, since
|     <limits.h> exists even on freestanding compilers.  */
| 
| #ifdef __STDC__
| # include <limits.h>
| #else
| # include <assert.h>
| #endif
| 
| #undef sqrtf
| 
| /* Override any GCC internal prototype to avoid an error.
|    Use char because int might match the return type of a GCC
|    builtin and then its argument prototype would still apply.  */
| #ifdef __cplusplus
| extern "C"
| #endif
| char sqrtf ();
| /* The GNU C library defines this for functions which it implements
|     to always fail with ENOSYS.  Some functions are actually named
|     something starting with __ and the normal name is an alias.  */
| #if defined __stub_sqrtf || defined __stub___sqrtf
| choke me
| #endif
| 
| int
| main ()
| {
| return sqrtf ();
|   ;
|   return 0;
| }
configure:3465: result: no
configure:3489: checking for sys/types.h
configure:3510: gcc -c -g -O2  conftest.c >&5
configure:3516: $? = 0
configure:3532: result: yes
configure:3489: checking for sys/stat.h
configure:3510: gcc -c -g -O2  conftest.c >&5
configure:3516: $? = 0
configure:3532: result: yes
configure:3489: checking for stdlib.h
configure:3510: gcc -c -g -O2  conftest.c >&5
configure:3516: $? = 0
configure:3532: result: yes
configure:3489: checking for string.h
configure:3510: gcc -c -g -O2  conftest.c >&5
configure:3516: $? = 0
configure:3532: result: yes
configure:3489: checking for memory.h
configure:3510: gcc -c -g -O2  conftest.c >&5
configure:3516: $? = 0
configure:3532: result: yes
configure:3489: checking for strings.h
configure:3510: gcc -c -g -O2  conftest.c >&5
configure:3516: $? = 0
configure:3532: result: yes
configure:3489: checking for inttypes.h
configure:3510: gcc -c -g -O2  conftest.c >&5
configure:3516: $? = 0
configure:3532: result: yes
configure:3489: checking for stdint.h
configure:3510: gcc -c -g -O2  conftest.c >&5
configure:3516: $? = 0
configure:3532: result: yes
configure:3489: checking for unistd.h
configure:3510: gcc -c -g -O2  conftest.c >&5
configure:3516: $? = 0
configure:3532: result: yes
configure:3559: checking malloc.h usability
configure:3576: gcc -c -g -O2  conftest.c >&5
configure:3582: $? = 0
configure:3596: result: yes
configure:3600: checking malloc.h presence
configure:3615: gcc -E  conftest.c
configure:3621: $? = 0
configure:3635: result: yes
configure:3663: checking for malloc.h
configure:3671: result: yes
configure:3686: checking for working alloca.h
configure:3713: gcc -o conftest -g -O2   conftest.c  >&5
configure:3719: $? = 0
configure:3736: result: yes
configure:3746: checking for alloca
configure:3793: gcc -o conftest -g -O2   conftest.c  >&5
configure:3799: $? = 0
configure:3816: result: yes
configure:4092: checking for gcc
configure:4119: result: gcc
configure:4357: checking for C compiler version
configure:4364: gcc --version >&5
gcc (Debian 4.4.5-8) 4.4.5
Copyright (C) 2010 Free Software Foundation, Inc.
This is free software; see the source for copying conditions.  There is NO
warranty; not even for MERCHANTABILITY or FITNESS FOR A PARTICULAR PURPOSE.

configure:4367: $? = 0
configure:4374: gcc -v >&5
Using built-in specs.
Target: x86_64-linux-gnu
Configured with: ../src/configure -v --with-pkgversion='Debian 4.4.5-8' --with-bugurl=file:///usr/share/doc/gcc-4.4/README.Bugs --enable-languages=c,c++,fortran,objc,obj-c++ --prefix=/usr --program-suffix=-4.4 --enable-shared --enable-multiarch --enable-linker-build-id --with-system-zlib --libexecdir=/usr/lib --without-included-gettext --enable-threads=posix --with-gxx-include-dir=/usr/include/c++/4.4 --libdir=/usr/lib --enable-nls --enable-clocale=gnu --enable-libstdcxx-debug --enable-objc-gc --with-arch-32=i586 --with-tune=generic --enable-checking=release --build=x86_64-linux-gnu --host=x86_64-linux-gnu --target=x86_64-linux-gnu
Thread model: posix
gcc version 4.4.5 (Debian 4.4.5-8) 
configure:4377: $? = 0
configure:4384: gcc -V >&5
gcc: '-V' option must have argument
configure:4387: $? = 1
configure:4390: checking whether we are using the GNU C compiler
configure:4442: result: yes
configure:4447: checking whether gcc accepts -g
configure:4582: result: yes
configure:4599: checking for gcc option to accept ISO C89
configure:4702: result: none needed
configure:4725: checking how to run the C preprocessor
configure:4841: result: gcc -E
configure:4870: gcc -E  conftest.c
configure:4876: $? = 0
configure:4907: gcc -E  conftest.c
conftest.c:25:28: error: ac_nonexistent.h: No such file or directory
configure:4913: $? = 1
configure: failed program was:
| /* confdefs.h.  */
| #define PACKAGE_NAME ""
| #define PACKAGE_TARNAME ""
| #define PACKAGE_VERSION ""
| #define PACKAGE_STRING ""
| #define PACKAGE_BUGREPORT ""
| #define STDC_HEADERS 1
| #define HAVE_STRCHR 1
| #define HAVE_MEMCPY 1
| #define HAVE_SNPRINTF 1
| #define HAVE_STRCASECMP 1
| #define HAVE_SYS_TYPES_H 1
| #define HAVE_SYS_STAT_H 1
| #define HAVE_STDLIB_H 1
| #define HAVE_STRING_H 1
| #define HAVE_MEMORY_H 1
| #define HAVE_STRINGS_H 1
| #define HAVE_INTTYPES_H 1
| #define HAVE_STDINT_H 1
| #define HAVE_UNISTD_H 1
| #define HAVE_MALLOC_H 1
| #define HAVE_ALLOCA_H 1
| #define HAVE_ALLOCA 1
| /* end confdefs.h.  */
| #include <ac_nonexistent.h>
configure:4998: checking for gcc
configure:5025: result: gcc
configure:5263: checking for C compiler version
configure:5270: gcc --version >&5
gcc (Debian 4.4.5-8) 4.4.5
Copyright (C) 2010 Free Software Foundation, Inc.
This is free software; see the source for copying conditions.  There is NO
warranty; not even for MERCHANTABILITY or FITNESS FOR A PARTICULAR PURPOSE.

configure:5273: $? = 0
configure:5280: gcc -v >&5
Using built-in specs.
Target: x86_64-linux-gnu
Configured with: ../src/configure -v --with-pkgversion='Debian 4.4.5-8' --with-bugurl=file:///usr/share/doc/gcc-4.4/README.Bugs --enable-languages=c,c++,fortran,objc,obj-c++ --prefix=/usr --program-suffix=-4.4 --enable-shared --enable-multiarch --enable-linker-build-id --with-system-zlib --libexecdir=/usr/lib --without-included-gettext --enable-threads=posix --with-gxx-include-dir=/usr/include/c++/4.4 --libdir=/usr/lib --enable-nls --enable-clocale=gnu --enable-libstdcxx-debug --enable-objc-gc --with-arch-32=i586 --with-tune=generic --enable-checking=release --build=x86_64-linux-gnu --host=x86_64-linux-gnu --target=x86_64-linux-gnu
Thread model: posix
gcc version 4.4.5 (Debian 4.4.5-8) 
configure:5283: $? = 0
configure:5290: gcc -V >&5
gcc: '-V' option must have argument
configure:5293: $? = 1
configure:5296: checking whether we are using the GNU C compiler
configure:5348: result: yes
configure:5353: checking whether gcc accepts -g
configure:5488: result: yes
configure:5505: checking for gcc option to accept ISO C89
configure:5608: result: none needed
configure:5684: checking for g++
configure:5700: found /usr/bin/g++
configure:5711: result: g++
configure:5742: checking for C++ compiler version
configure:5749: g++ --version >&5
g++ (Debian 4.4.5-8) 4.4.5
Copyright (C) 2010 Free Software Foundation, Inc.
This is free software; see the source for copying conditions.  There is NO
warranty; not even for MERCHANTABILITY or FITNESS FOR A PARTICULAR PURPOSE.

configure:5752: $? = 0
configure:5759: g++ -v >&5
Using built-in specs.
Target: x86_64-linux-gnu
Configured with: ../src/configure -v --with-pkgversion='Debian 4.4.5-8' --with-bugurl=file:///usr/share/doc/gcc-4.4/README.Bugs --enable-languages=c,c++,fortran,objc,obj-c++ --prefix=/usr --program-suffix=-4.4 --enable-shared --enable-multiarch --enable-linker-build-id --with-system-zlib --libexecdir=/usr/lib --without-included-gettext --enable-threads=posix --with-gxx-include-dir=/usr/include/c++/4.4 --libdir=/usr/lib --enable-nls --enable-clocale=gnu --enable-libstdcxx-debug --enable-objc-gc --with-arch-32=i586 --with-tune=generic --enable-checking=release --build=x86_64-linux-gnu --host=x86_64-linux-gnu --target=x86_64-linux-gnu
Thread model: posix
gcc version 4.4.5 (Debian 4.4.5-8) 
configure:5762: $? = 0
configure:5769: g++ -V >&5
g++: '-V' option must have argument
configure:5772: $? = 1
configure:5775: checking whether we are using the GNU C++ compiler
configure:5804: g++ -c   conftest.cpp >&5
configure:5810: $? = 0
configure:5827: result: yes
configure:5832: checking whether g++ accepts -g
configure:5862: g++ -c -g  conftest.cpp >&5
configure:5868: $? = 0
configure:5967: result: yes
configure:6003: checking for a BSD-compatible install
configure:6059: result: /usr/bin/install -c
configure:6070: checking whether make sets $(MAKE)
configure:6091: result: yes
configure:6143: checking for ranlib
configure:6159: found /usr/bin/ranlib
configure:6170: result: ranlib
configure:6835: checking for X
configure:7005: gcc -o conftest -g -O2   conftest.c -lX11  >&5
configure:7011: $? = 0
configure:7070: result: libraries , headers 
configure:7231: gcc -o conftest -g -O2   conftest.c   -lX11 >&5
configure:7237: $? = 0
configure:7394: checking for gethostbyname
configure:7450: gcc -o conftest -g -O2   conftest.c  >&5
configure:7456: $? = 0
configure:7473: result: yes
configure:7618: checking for connect
configure:7674: gcc -o conftest -g -O2   conftest.c  >&5
configure:7680: $? = 0
configure:7697: result: yes
configure:7769: checking for remove
configure:7825: gcc -o conftest -g -O2   conftest.c  >&5
configure:7831: $? = 0
configure:7848: result: yes
configure:7920: checking for shmat
configure:7976: gcc -o conftest -g -O2   conftest.c  >&5
configure:7982: $? = 0
configure:7999: result: yes
configure:8080: checking for IceConnectionNumber in -lICE
configure:8115: gcc -o conftest -g -O2   conftest.c -lICE   >&5
configure:8121: $? = 0
configure:8139: result: yes
configure:8438: checking for glBegin in -lMesaGL
configure:8473: gcc -o conftest -g -O2    conftest.c -lMesaGL   -lSM -lICE -lXext -lX11  -lm  >&5
/usr/bin/ld: cannot find -lMesaGL
collect2: ld returned 1 exit status
configure:8479: $? = 1
configure: failed program was:
| /* confdefs.h.  */
| #define PACKAGE_NAME ""
| #define PACKAGE_TARNAME ""
| #define PACKAGE_VERSION ""
| #define PACKAGE_STRING ""
| #define PACKAGE_BUGREPORT ""
| #define STDC_HEADERS 1
| #define HAVE_STRCHR 1
| #define HAVE_MEMCPY 1
| #define HAVE_SNPRINTF 1
| #define HAVE_STRCASECMP 1
| #define HAVE_SYS_TYPES_H 1
| #define HAVE_SYS_STAT_H 1
| #define HAVE_STDLIB_H 1
| #define HAVE_STRING_H 1
| #define HAVE_MEMORY_H 1
| #define HAVE_STRINGS_H 1
| #define HAVE_INTTYPES_H 1
| #define HAVE_STDINT_H 1
| #define HAVE_UNISTD_H 1
| #define HAVE_MALLOC_H 1
| #define HAVE_ALLOCA_H 1
| #define HAVE_ALLOCA 1
| /* end confdefs.h.  */
| 
| /* Override any GCC internal prototype to avoid an error.
|    Use char because int might match the return type of a GCC
|    builtin and then its argument prototype would still apply.  */
| #ifdef __cplusplus
| extern "C"
| #endif
| char glBegin ();
| int
| main ()
| {
| return glBegin ();
|   ;
|   return 0;
| }
configure:8497: result: no
configure:8635: checking for glBegin in -lGL
configure:8670: gcc -o conftest -g -O2    conftest.c -lGL   -lSM -lICE -lXext -lX11  -lm  >&5
configure:8676: $? = 0
configure:8694: result: yes
configure:8697: checking for gluProject in -lGLU
configure:8732: gcc -o conftest -g -O2    conftest.c -lGLU -lGL   -lSM -lICE -lXext -lX11  -lm  >&5
configure:8738: $? = 0
configure:8756: result: yes
configure:8914: checking for XMesaGetBackBuffer
configure:8970: gcc -o conftest -g -O2    conftest.c -lGLU -lGL   -lSM -lICE -lXext -lX11   >&5
/tmp/ccFn3yfD.o: In function `main':
/data/vo/mlis/src/spacious-0.2-setup/src/conftest.c:60: undefined reference to `XMesaGetBackBuffer'
collect2: ld returned 1 exit status
configure:8976: $? = 1
configure: failed program was:
| /* confdefs.h.  */
| #define PACKAGE_NAME ""
| #define PACKAGE_TARNAME ""
| #define PACKAGE_VERSION ""
| #define PACKAGE_STRING ""
| #define PACKAGE_BUGREPORT ""
| #define STDC_HEADERS 1
| #define HAVE_STRCHR 1
| #define HAVE_MEMCPY 1
| #define HAVE_SNPRINTF 1
| #define HAVE_STRCASECMP 1
| #define HAVE_SYS_TYPES_H 1
| #define HAVE_SYS_STAT_H 1
| #define HAVE_STDLIB_H 1
| #define HAVE_STRING_H 1
| #define HAVE_MEMORY_H 1
| #define HAVE_STRINGS_H 1
| #define HAVE_INTTYPES_H 1
| #define HAVE_STDINT_H 1
| #define HAVE_UNISTD_H 1
| #define HAVE_MALLOC_H 1
| #define HAVE_ALLOCA_H 1
| #define HAVE_ALLOCA 1
| #define HAVE_OPENGL 1
| /* end confdefs.h.  */
| /* Define XMesaGetBackBuffer to an innocuous variant, in case <limits.h> declares XMesaGetBackBuffer.
|    For example, HP-UX 11i <limits.h> declares gettimeofday.  */
| #define XMesaGetBackBuffer innocuous_XMesaGetBackBuffer
| 
| /* System header to define __stub macros and hopefully few prototypes,
|     which can conflict with char XMesaGetBackBuffer (); below.
|     Prefer <limits.h> to <assert.h> if __STDC__ is defined, since
|     <limits.h> exists even on freestanding compilers.  */
| 
| #ifdef __STDC__
| # include <limits.h>
| #else
| # include <assert.h>
| #endif
| 
| #undef XMesaGetBackBuffer
| 
| /* Override any GCC internal prototype to avoid an error.
|    Use char because int might match the return type of a GCC
|    builtin and then its argument prototype would still apply.  */
| #ifdef __cplusplus
| extern "C"
| #endif
| char XMesaGetBackBuffer ();
| /* The GNU C library defines this for functions which it implements
|     to always fail with ENOSYS.  Some functions are actually named
|     something starting with __ and the normal name is an alias.  */
| #if defined __stub_XMesaGetBackBuffer || defined __stub___XMesaGetBackBuffer
| choke me
| #endif
| 
| int
| main ()
| {
| return XMesaGetBackBuffer ();
|   ;
|   return 0;
| }
configure:8994: result: no
configure:9022: checking for dirent.h that defines DIR
configure:9051: gcc -c -g -O2   conftest.c >&5
configure:9057: $? = 0
configure:9073: result: yes
configure:9086: checking for library containing opendir
configure:9127: gcc -o conftest -g -O2    conftest.c  >&5
configure:9133: $? = 0
configure:9161: result: none required
configure:9255: checking for ANSI C header files
configure:9419: result: yes
configure:9429: checking for sys/wait.h that is POSIX.1 compatible
configure:9465: gcc -c -g -O2   conftest.c >&5
configure:9471: $? = 0
configure:9486: result: yes
configure:9520: checking fcntl.h usability
configure:9537: gcc -c -g -O2   conftest.c >&5
configure:9543: $? = 0
configure:9557: result: yes
configure:9561: checking fcntl.h presence
configure:9576: gcc -E  conftest.c
configure:9582: $? = 0
configure:9596: result: yes
configure:9624: checking for fcntl.h
configure:9632: result: yes
configure:9520: checking limits.h usability
configure:9537: gcc -c -g -O2   conftest.c >&5
configure:9543: $? = 0
configure:9557: result: yes
configure:9561: checking limits.h presence
configure:9576: gcc -E  conftest.c
configure:9582: $? = 0
configure:9596: result: yes
configure:9624: checking for limits.h
configure:9632: result: yes
configure:9510: checking for malloc.h
configure:9516: result: yes
configure:9520: checking sgtty.h usability
configure:9537: gcc -c -g -O2   conftest.c >&5
configure:9543: $? = 0
configure:9557: result: yes
configure:9561: checking sgtty.h presence
configure:9576: gcc -E  conftest.c
configure:9582: $? = 0
configure:9596: result: yes
configure:9624: checking for sgtty.h
configure:9632: result: yes
configure:9510: checking for strings.h
configure:9516: result: yes
configure:9520: checking sys/file.h usability
configure:9537: gcc -c -g -O2   conftest.c >&5
configure:9543: $? = 0
configure:9557: result: yes
configure:9561: checking sys/file.h presence
configure:9576: gcc -E  conftest.c
configure:9582: $? = 0
configure:9596: result: yes
configure:9624: checking for sys/file.h
configure:9632: result: yes
configure:9520: checking sys/ioctl.h usability
configure:9537: gcc -c -g -O2   conftest.c >&5
configure:9543: $? = 0
configure:9557: result: yes
configure:9561: checking sys/ioctl.h presence
configure:9576: gcc -E  conftest.c
configure:9582: $? = 0
configure:9596: result: yes
configure:9624: checking for sys/ioctl.h
configure:9632: result: yes
configure:9520: checking sys/time.h usability
configure:9537: gcc -c -g -O2   conftest.c >&5
configure:9543: $? = 0
configure:9557: result: yes
configure:9561: checking sys/time.h presence
configure:9576: gcc -E  conftest.c
configure:9582: $? = 0
configure:9596: result: yes
configure:9624: checking for sys/time.h
configure:9632: result: yes
configure:9510: checking for unistd.h
configure:9516: result: yes
configure:9520: checking values.h usability
configure:9537: gcc -c -g -O2   conftest.c >&5
configure:9543: $? = 0
configure:9557: result: yes
configure:9561: checking values.h presence
configure:9576: gcc -E  conftest.c
configure:9582: $? = 0
configure:9596: result: yes
configure:9624: checking for values.h
configure:9632: result: yes
configure:9646: checking for an ANSI C-conforming const
configure:9721: gcc -c -g -O2   conftest.c >&5
configure:9727: $? = 0
configure:9742: result: yes
configure:9752: checking for inline
configure:9778: gcc -c -g -O2   conftest.c >&5
configure:9784: $? = 0
configure:9802: result: inline
configure:9821: checking for off_t
configure:9851: gcc -c -g -O2   conftest.c >&5
configure:9857: $? = 0
configure:9872: result: yes
configure:9884: checking for size_t
configure:9914: gcc -c -g -O2   conftest.c >&5
configure:9920: $? = 0
configure:9935: result: yes
configure:9947: checking whether time.h and sys/time.h may both be included
configure:9977: gcc -c -g -O2   conftest.c >&5
configure:9983: $? = 0
configure:9998: result: yes
configure:10008: checking whether struct tm is in sys/time.h or time.h
configure:10038: gcc -c -g -O2   conftest.c >&5
configure:10044: $? = 0
configure:10059: result: time.h
configure:10070: checking for uid_t in sys/types.h
configure:10093: result: yes
configure:10108: checking type of array argument to getgroups
configure:10152: gcc -o conftest -g -O2    conftest.c  >&5
configure:10155: $? = 0
configure:10161: ./conftest
configure:10164: $? = 0
configure:10199: result: gid_t
configure:10208: checking whether gcc needs -traditional
configure:10250: result: no
configure:10257: checking for working memcmp
configure:10310: gcc -o conftest -g -O2    conftest.c  >&5
configure:10313: $? = 0
configure:10319: ./conftest
configure:10322: $? = 0
configure:10338: result: yes
configure:10353: checking for stdlib.h
configure:10359: result: yes
configure:10353: checking for unistd.h
configure:10359: result: yes
configure:10492: checking for getpagesize
configure:10548: gcc -o conftest -g -O2    conftest.c  >&5
configure:10554: $? = 0
configure:10572: result: yes
configure:10582: checking for working mmap
configure:10729: gcc -o conftest -g -O2    conftest.c  >&5
configure:10732: $? = 0
configure:10738: ./conftest
configure:10741: $? = 0
configure:10757: result: yes
configure:10768: checking return type of signal handlers
configure:10796: gcc -c -g -O2   conftest.c >&5
conftest.c: In function 'main':
conftest.c:51: error: void value not ignored as it ought to be
configure:10802: $? = 1
configure: failed program was:
| /* confdefs.h.  */
| #define PACKAGE_NAME ""
| #define PACKAGE_TARNAME ""
| #define PACKAGE_VERSION ""
| #define PACKAGE_STRING ""
| #define PACKAGE_BUGREPORT ""
| #define STDC_HEADERS 1
| #define HAVE_STRCHR 1
| #define HAVE_MEMCPY 1
| #define HAVE_SNPRINTF 1
| #define HAVE_STRCASECMP 1
| #define HAVE_SYS_TYPES_H 1
| #define HAVE_SYS_STAT_H 1
| #define HAVE_STDLIB_H 1
| #define HAVE_STRING_H 1
| #define HAVE_MEMORY_H 1
| #define HAVE_STRINGS_H 1
| #define HAVE_INTTYPES_H 1
| #define HAVE_STDINT_H 1
| #define HAVE_UNISTD_H 1
| #define HAVE_MALLOC_H 1
| #define HAVE_ALLOCA_H 1
| #define HAVE_ALLOCA 1
| #define HAVE_OPENGL 1
| #define HAVE_DIRENT_H 1
| #define STDC_HEADERS 1
| #define HAVE_SYS_WAIT_H 1
| #define HAVE_FCNTL_H 1
| #define HAVE_LIMITS_H 1
| #define HAVE_MALLOC_H 1
| #define HAVE_SGTTY_H 1
| #define HAVE_STRINGS_H 1
| #define HAVE_SYS_FILE_H 1
| #define HAVE_SYS_IOCTL_H 1
| #define HAVE_SYS_TIME_H 1
| #define HAVE_UNISTD_H 1
| #define HAVE_VALUES_H 1
| #define TIME_WITH_SYS_TIME 1
| #define GETGROUPS_T gid_t
| #define HAVE_STDLIB_H 1
| #define HAVE_UNISTD_H 1
| #define HAVE_GETPAGESIZE 1
| #define HAVE_MMAP 1
| /* end confdefs.h.  */
| #include <sys/types.h>
| #include <signal.h>
| 
| int
| main ()
| {
| return *(signal (0, 0)) (0) == 1;
|   ;
|   return 0;
| }
configure:10817: result: void
configure:10825: checking for pid_t
configure:10855: gcc -c -g -O2   conftest.c >&5
configure:10861: $? = 0
configure:10876: result: yes
configure:10903: checking vfork.h usability
configure:10920: gcc -c -g -O2   conftest.c >&5
conftest.c:79:19: error: vfork.h: No such file or directory
configure:10926: $? = 1
configure: failed program was:
| /* confdefs.h.  */
| #define PACKAGE_NAME ""
| #define PACKAGE_TARNAME ""
| #define PACKAGE_VERSION ""
| #define PACKAGE_STRING ""
| #define PACKAGE_BUGREPORT ""
| #define STDC_HEADERS 1
| #define HAVE_STRCHR 1
| #define HAVE_MEMCPY 1
| #define HAVE_SNPRINTF 1
| #define HAVE_STRCASECMP 1
| #define HAVE_SYS_TYPES_H 1
| #define HAVE_SYS_STAT_H 1
| #define HAVE_STDLIB_H 1
| #define HAVE_STRING_H 1
| #define HAVE_MEMORY_H 1
| #define HAVE_STRINGS_H 1
| #define HAVE_INTTYPES_H 1
| #define HAVE_STDINT_H 1
| #define HAVE_UNISTD_H 1
| #define HAVE_MALLOC_H 1
| #define HAVE_ALLOCA_H 1
| #define HAVE_ALLOCA 1
| #define HAVE_OPENGL 1
| #define HAVE_DIRENT_H 1
| #define STDC_HEADERS 1
| #define HAVE_SYS_WAIT_H 1
| #define HAVE_FCNTL_H 1
| #define HAVE_LIMITS_H 1
| #define HAVE_MALLOC_H 1
| #define HAVE_SGTTY_H 1
| #define HAVE_STRINGS_H 1
| #define HAVE_SYS_FILE_H 1
| #define HAVE_SYS_IOCTL_H 1
| #define HAVE_SYS_TIME_H 1
| #define HAVE_UNISTD_H 1
| #define HAVE_VALUES_H 1
| #define TIME_WITH_SYS_TIME 1
| #define GETGROUPS_T gid_t
| #define HAVE_STDLIB_H 1
| #define HAVE_UNISTD_H 1
| #define HAVE_GETPAGESIZE 1
| #define HAVE_MMAP 1
| #define RETSIGTYPE void
| /* end confdefs.h.  */
| #include <stdio.h>
| #ifdef HAVE_SYS_TYPES_H
| # include <sys/types.h>
| #endif
| #ifdef HAVE_SYS_STAT_H
| # include <sys/stat.h>
| #endif
| #ifdef STDC_HEADERS
| # include <stdlib.h>
| # include <stddef.h>
| #else
| # ifdef HAVE_STDLIB_H
| #  include <stdlib.h>
| # endif
| #endif
| #ifdef HAVE_STRING_H
| # if !defined STDC_HEADERS && defined HAVE_MEMORY_H
| #  include <memory.h>
| # endif
| # include <string.h>
| #endif
| #ifdef HAVE_STRINGS_H
| # include <strings.h>
| #endif
| #ifdef HAVE_INTTYPES_H
| # include <inttypes.h>
| #endif
| #ifdef HAVE_STDINT_H
| # include <stdint.h>
| #endif
| #ifdef HAVE_UNISTD_H
| # include <unistd.h>
| #endif
| #include <vfork.h>
configure:10940: result: no
configure:10944: checking vfork.h presence
configure:10959: gcc -E  conftest.c
conftest.c:46:19: error: vfork.h: No such file or directory
configure:10965: $? = 1
configure: failed program was:
| /* confdefs.h.  */
| #define PACKAGE_NAME ""
| #define PACKAGE_TARNAME ""
| #define PACKAGE_VERSION ""
| #define PACKAGE_STRING ""
| #define PACKAGE_BUGREPORT ""
| #define STDC_HEADERS 1
| #define HAVE_STRCHR 1
| #define HAVE_MEMCPY 1
| #define HAVE_SNPRINTF 1
| #define HAVE_STRCASECMP 1
| #define HAVE_SYS_TYPES_H 1
| #define HAVE_SYS_STAT_H 1
| #define HAVE_STDLIB_H 1
| #define HAVE_STRING_H 1
| #define HAVE_MEMORY_H 1
| #define HAVE_STRINGS_H 1
| #define HAVE_INTTYPES_H 1
| #define HAVE_STDINT_H 1
| #define HAVE_UNISTD_H 1
| #define HAVE_MALLOC_H 1
| #define HAVE_ALLOCA_H 1
| #define HAVE_ALLOCA 1
| #define HAVE_OPENGL 1
| #define HAVE_DIRENT_H 1
| #define STDC_HEADERS 1
| #define HAVE_SYS_WAIT_H 1
| #define HAVE_FCNTL_H 1
| #define HAVE_LIMITS_H 1
| #define HAVE_MALLOC_H 1
| #define HAVE_SGTTY_H 1
| #define HAVE_STRINGS_H 1
| #define HAVE_SYS_FILE_H 1
| #define HAVE_SYS_IOCTL_H 1
| #define HAVE_SYS_TIME_H 1
| #define HAVE_UNISTD_H 1
| #define HAVE_VALUES_H 1
| #define TIME_WITH_SYS_TIME 1
| #define GETGROUPS_T gid_t
| #define HAVE_STDLIB_H 1
| #define HAVE_UNISTD_H 1
| #define HAVE_GETPAGESIZE 1
| #define HAVE_MMAP 1
| #define RETSIGTYPE void
| /* end confdefs.h.  */
| #include <vfork.h>
configure:10979: result: no
configure:11007: checking for vfork.h
configure:11015: result: no
configure:11033: checking for fork
configure:11089: gcc -o conftest -g -O2    conftest.c  >&5
conftest.c:69: warning: conflicting types for built-in function 'fork'
configure:11095: $? = 0
configure:11113: result: yes
configure:11033: checking for vfork
configure:11089: gcc -o conftest -g -O2    conftest.c  >&5
configure:11095: $? = 0
configure:11113: result: yes
configure:11124: checking for working fork
configure:11156: gcc -o conftest -g -O2    conftest.c  >&5
configure:11159: $? = 0
configure:11165: ./conftest
configure:11168: $? = 0
configure:11184: result: yes
configure:11205: checking for working vfork
configure:11343: result: yes
configure:11378: checking for vprintf
configure:11434: gcc -o conftest -g -O2    conftest.c  >&5
conftest.c:73: warning: conflicting types for built-in function 'vprintf'
configure:11440: $? = 0
configure:11458: result: yes
configure:11465: checking for _doprnt
configure:11521: gcc -o conftest -g -O2    conftest.c  >&5
/tmp/ccgfC85e.o: In function `main':
/data/vo/mlis/src/spacious-0.2-setup/src/conftest.c:85: undefined reference to `_doprnt'
collect2: ld returned 1 exit status
configure:11527: $? = 1
configure: failed program was:
| /* confdefs.h.  */
| #define PACKAGE_NAME ""
| #define PACKAGE_TARNAME ""
| #define PACKAGE_VERSION ""
| #define PACKAGE_STRING ""
| #define PACKAGE_BUGREPORT ""
| #define STDC_HEADERS 1
| #define HAVE_STRCHR 1
| #define HAVE_MEMCPY 1
| #define HAVE_SNPRINTF 1
| #define HAVE_STRCASECMP 1
| #define HAVE_SYS_TYPES_H 1
| #define HAVE_SYS_STAT_H 1
| #define HAVE_STDLIB_H 1
| #define HAVE_STRING_H 1
| #define HAVE_MEMORY_H 1
| #define HAVE_STRINGS_H 1
| #define HAVE_INTTYPES_H 1
| #define HAVE_STDINT_H 1
| #define HAVE_UNISTD_H 1
| #define HAVE_MALLOC_H 1
| #define HAVE_ALLOCA_H 1
| #define HAVE_ALLOCA 1
| #define HAVE_OPENGL 1
| #define HAVE_DIRENT_H 1
| #define STDC_HEADERS 1
| #define HAVE_SYS_WAIT_H 1
| #define HAVE_FCNTL_H 1
| #define HAVE_LIMITS_H 1
| #define HAVE_MALLOC_H 1
| #define HAVE_SGTTY_H 1
| #define HAVE_STRINGS_H 1
| #define HAVE_SYS_FILE_H 1
| #define HAVE_SYS_IOCTL_H 1
| #define HAVE_SYS_TIME_H 1
| #define HAVE_UNISTD_H 1
| #define HAVE_VALUES_H 1
| #define TIME_WITH_SYS_TIME 1
| #define GETGROUPS_T gid_t
| #define HAVE_STDLIB_H 1
| #define HAVE_UNISTD_H 1
| #define HAVE_GETPAGESIZE 1
| #define HAVE_MMAP 1
| #define RETSIGTYPE void
| #define HAVE_FORK 1
| #define HAVE_VFORK 1
| #define HAVE_WORKING_VFORK 1
| #define HAVE_WORKING_FORK 1
| #define HAVE_VPRINTF 1
| /* end confdefs.h.  */
| /* Define _doprnt to an innocuous variant, in case <limits.h> declares _doprnt.
|    For example, HP-UX 11i <limits.h> declares gettimeofday.  */
| #define _doprnt innocuous__doprnt
| 
| /* System header to define __stub macros and hopefully few prototypes,
|     which can conflict with char _doprnt (); below.
|     Prefer <limits.h> to <assert.h> if __STDC__ is defined, since
|     <limits.h> exists even on freestanding compilers.  */
| 
| #ifdef __STDC__
| # include <limits.h>
| #else
| # include <assert.h>
| #endif
| 
| #undef _doprnt
| 
| /* Override any GCC internal prototype to avoid an error.
|    Use char because int might match the return type of a GCC
|    builtin and then its argument prototype would still apply.  */
| #ifdef __cplusplus
| extern "C"
| #endif
| char _doprnt ();
| /* The GNU C library defines this for functions which it implements
|     to always fail with ENOSYS.  Some functions are actually named
|     something starting with __ and the normal name is an alias.  */
| #if defined __stub__doprnt || defined __stub____doprnt
| choke me
| #endif
| 
| int
| main ()
| {
| return _doprnt ();
|   ;
|   return 0;
| }
configure:11544: result: no
configure:11559: checking for library containing sqrtf
configure:11600: gcc -o conftest -g -O2    conftest.c  >&5
conftest.c:58: warning: conflicting types for built-in function 'sqrtf'
/tmp/ccjTA028.o: In function `main':
/data/vo/mlis/src/spacious-0.2-setup/src/conftest.c:62: undefined reference to `sqrtf'
collect2: ld returned 1 exit status
configure:11606: $? = 1
configure: failed program was:
| /* confdefs.h.  */
| #define PACKAGE_NAME ""
| #define PACKAGE_TARNAME ""
| #define PACKAGE_VERSION ""
| #define PACKAGE_STRING ""
| #define PACKAGE_BUGREPORT ""
| #define STDC_HEADERS 1
| #define HAVE_STRCHR 1
| #define HAVE_MEMCPY 1
| #define HAVE_SNPRINTF 1
| #define HAVE_STRCASECMP 1
| #define HAVE_SYS_TYPES_H 1
| #define HAVE_SYS_STAT_H 1
| #define HAVE_STDLIB_H 1
| #define HAVE_STRING_H 1
| #define HAVE_MEMORY_H 1
| #define HAVE_STRINGS_H 1
| #define HAVE_INTTYPES_H 1
| #define HAVE_STDINT_H 1
| #define HAVE_UNISTD_H 1
| #define HAVE_MALLOC_H 1
| #define HAVE_ALLOCA_H 1
| #define HAVE_ALLOCA 1
| #define HAVE_OPENGL 1
| #define HAVE_DIRENT_H 1
| #define STDC_HEADERS 1
| #define HAVE_SYS_WAIT_H 1
| #define HAVE_FCNTL_H 1
| #define HAVE_LIMITS_H 1
| #define HAVE_MALLOC_H 1
| #define HAVE_SGTTY_H 1
| #define HAVE_STRINGS_H 1
| #define HAVE_SYS_FILE_H 1
| #define HAVE_SYS_IOCTL_H 1
| #define HAVE_SYS_TIME_H 1
| #define HAVE_UNISTD_H 1
| #define HAVE_VALUES_H 1
| #define TIME_WITH_SYS_TIME 1
| #define GETGROUPS_T gid_t
| #define HAVE_STDLIB_H 1
| #define HAVE_UNISTD_H 1
| #define HAVE_GETPAGESIZE 1
| #define HAVE_MMAP 1
| #define RETSIGTYPE void
| #define HAVE_FORK 1
| #define HAVE_VFORK 1
| #define HAVE_WORKING_VFORK 1
| #define HAVE_WORKING_FORK 1
| #define HAVE_VPRINTF 1
| /* end confdefs.h.  */
| 
| /* Override any GCC internal prototype to avoid an error.
|    Use char because int might match the return type of a GCC
|    builtin and then its argument prototype would still apply.  */
| #ifdef __cplusplus
| extern "C"
| #endif
| char sqrtf ();
| int
| main ()
| {
| return sqrtf ();
|   ;
|   return 0;
| }
configure:11600: gcc -o conftest -g -O2    conftest.c -lm   >&5
conftest.c:58: warning: conflicting types for built-in function 'sqrtf'
configure:11606: $? = 0
configure:11634: result: -lm
configure:11653: checking for strchr
configure:11733: result: yes
configure:11653: checking for memcpy
configure:11733: result: yes
configure:11653: checking for snprintf
configure:11733: result: yes
configure:11653: checking for strcasecmp
configure:11733: result: yes
configure:11653: checking for rint
configure:11733: result: no
configure:11756: checking for ftime
configure:11812: gcc -o conftest -g -O2    conftest.c -lm  >&5
configure:11818: $? = 0
configure:11836: result: yes
configure:11756: checking for gethostname
configure:11812: gcc -o conftest -g -O2    conftest.c -lm  >&5
configure:11818: $? = 0
configure:11836: result: yes
configure:11756: checking for gettimeofday
configure:11812: gcc -o conftest -g -O2    conftest.c -lm  >&5
configure:11818: $? = 0
configure:11836: result: yes
configure:11756: checking for getwd
configure:11812: gcc -o conftest -g -O2    conftest.c -lm  >&5
/tmp/cc62NMut.o: In function `main':
/data/vo/mlis/src/spacious-0.2-setup/src/conftest.c:93: warning: the `getwd' function is dangerous and should not be used.
configure:11818: $? = 0
configure:11836: result: yes
configure:11756: checking for mkdir
configure:11812: gcc -o conftest -g -O2    conftest.c -lm  >&5
configure:11818: $? = 0
configure:11836: result: yes
configure:11756: checking for select
configure:11812: gcc -o conftest -g -O2    conftest.c -lm  >&5
configure:11818: $? = 0
configure:11836: result: yes
configure:11756: checking for strdup
configure:11812: gcc -o conftest -g -O2    conftest.c -lm  >&5
conftest.c:85: warning: conflicting types for built-in function 'strdup'
configure:11818: $? = 0
configure:11836: result: yes
configure:11756: checking for strtod
configure:11812: gcc -o conftest -g -O2    conftest.c -lm  >&5
configure:11818: $? = 0
configure:11836: result: yes
configure:11756: checking for strtol
configure:11812: gcc -o conftest -g -O2    conftest.c -lm  >&5
configure:11818: $? = 0
configure:11836: result: yes
configure:11756: checking for strtoul
configure:11812: gcc -o conftest -g -O2    conftest.c -lm  >&5
configure:11818: $? = 0
configure:11836: result: yes
configure:11847: checking whether byte ordering is bigendian
configure:11880: gcc -c -g -O2   conftest.c >&5
configure:11886: $? = 0
configure:11918: gcc -c -g -O2   conftest.c >&5
conftest.c: In function 'main':
conftest.c:73: error: 'not' undeclared (first use in this function)
conftest.c:73: error: (Each undeclared identifier is reported only once
conftest.c:73: error: for each function it appears in.)
conftest.c:73: error: expected ';' before 'big'
configure:11924: $? = 1
configure: failed program was:
| /* confdefs.h.  */
| #define PACKAGE_NAME ""
| #define PACKAGE_TARNAME ""
| #define PACKAGE_VERSION ""
| #define PACKAGE_STRING ""
| #define PACKAGE_BUGREPORT ""
| #define STDC_HEADERS 1
| #define HAVE_STRCHR 1
| #define HAVE_MEMCPY 1
| #define HAVE_SNPRINTF 1
| #define HAVE_STRCASECMP 1
| #define HAVE_SYS_TYPES_H 1
| #define HAVE_SYS_STAT_H 1
| #define HAVE_STDLIB_H 1
| #define HAVE_STRING_H 1
| #define HAVE_MEMORY_H 1
| #define HAVE_STRINGS_H 1
| #define HAVE_INTTYPES_H 1
| #define HAVE_STDINT_H 1
| #define HAVE_UNISTD_H 1
| #define HAVE_MALLOC_H 1
| #define HAVE_ALLOCA_H 1
| #define HAVE_ALLOCA 1
| #define HAVE_OPENGL 1
| #define HAVE_DIRENT_H 1
| #define STDC_HEADERS 1
| #define HAVE_SYS_WAIT_H 1
| #define HAVE_FCNTL_H 1
| #define HAVE_LIMITS_H 1
| #define HAVE_MALLOC_H 1
| #define HAVE_SGTTY_H 1
| #define HAVE_STRINGS_H 1
| #define HAVE_SYS_FILE_H 1
| #define HAVE_SYS_IOCTL_H 1
| #define HAVE_SYS_TIME_H 1
| #define HAVE_UNISTD_H 1
| #define HAVE_VALUES_H 1
| #define TIME_WITH_SYS_TIME 1
| #define GETGROUPS_T gid_t
| #define HAVE_STDLIB_H 1
| #define HAVE_UNISTD_H 1
| #define HAVE_GETPAGESIZE 1
| #define HAVE_MMAP 1
| #define RETSIGTYPE void
| #define HAVE_FORK 1
| #define HAVE_VFORK 1
| #define HAVE_WORKING_VFORK 1
| #define HAVE_WORKING_FORK 1
| #define HAVE_VPRINTF 1
| #define HAVE_SQRTF 1
| #define HAVE_STRCHR 1
| #define HAVE_MEMCPY 1
| #define HAVE_SNPRINTF 1
| #define HAVE_STRCASECMP 1
| #define HAVE_FTIME 1
| #define HAVE_GETHOSTNAME 1
| #define HAVE_GETTIMEOFDAY 1
| #define HAVE_GETWD 1
| #define HAVE_MKDIR 1
| #define HAVE_SELECT 1
| #define HAVE_STRDUP 1
| #define HAVE_STRTOD 1
| #define HAVE_STRTOL 1
| #define HAVE_STRTOUL 1
| /* end confdefs.h.  */
| #include <sys/types.h>
| #include <sys/param.h>
| 
| int
| main ()
| {
| #if BYTE_ORDER != BIG_ENDIAN
|  not big endian
| #endif
| 
|   ;
|   return 0;
| }
configure:12064: result: no
configure:12339: creating ./config.status

## ---------------------- ##
## Running config.status. ##
## ---------------------- ##

This file was extended by config.status, which was
generated by GNU Autoconf 2.61.  Invocation command line was

  CONFIG_FILES    = 
  CONFIG_HEADERS  = 
  CONFIG_LINKS    = 
  CONFIG_COMMANDS = 
  $ ./config.status 

on asti

config.status:635: creating config.h
config.status:909: config.h is unchanged

## ---------------- ##
## Cache variables. ##
## ---------------- ##

ac_cv_build=x86_64-unknown-linux-gnu
ac_cv_c_bigendian=no
ac_cv_c_compiler_gnu=yes
ac_cv_c_const=yes
ac_cv_c_inline=inline
ac_cv_cxx_compiler_gnu=yes
ac_cv_env_CCC_set=
ac_cv_env_CCC_value=
ac_cv_env_CC_set=
ac_cv_env_CC_value=
ac_cv_env_CFLAGS_set=
ac_cv_env_CFLAGS_value=
ac_cv_env_CPPFLAGS_set=
ac_cv_env_CPPFLAGS_value=
ac_cv_env_CPP_set=
ac_cv_env_CPP_value=
ac_cv_env_CXXFLAGS_set=
ac_cv_env_CXXFLAGS_value=
ac_cv_env_CXX_set=
ac_cv_env_CXX_value=
ac_cv_env_LDFLAGS_set=
ac_cv_env_LDFLAGS_value=
ac_cv_env_LIBS_set=
ac_cv_env_LIBS_value=
ac_cv_env_XMKMF_set=
ac_cv_env_XMKMF_value=
ac_cv_env_build_alias_set=
ac_cv_env_build_alias_value=
ac_cv_env_host_alias_set=
ac_cv_env_host_alias_value=
ac_cv_env_target_alias_set=
ac_cv_env_target_alias_value=
ac_cv_func_XMesaGetBackBuffer=no
ac_cv_func__doprnt=no
ac_cv_func_alloca_works=yes
ac_cv_func_connect=yes
ac_cv_func_fork=yes
ac_cv_func_fork_works=yes
ac_cv_func_ftime=yes
ac_cv_func_gethostbyname=yes
ac_cv_func_gethostname=yes
ac_cv_func_getpagesize=yes
ac_cv_func_gettimeofday=yes
ac_cv_func_getwd=yes
ac_cv_func_memcmp_working=yes
ac_cv_func_memcpy=yes
ac_cv_func_mkdir=yes
ac_cv_func_mmap_fixed_mapped=yes
ac_cv_func_remove=yes
ac_cv_func_rint=no
ac_cv_func_select=yes
ac_cv_func_shmat=yes
ac_cv_func_snprintf=yes
ac_cv_func_sqrtf=no
ac_cv_func_strcasecmp=yes
ac_cv_func_strchr=yes
ac_cv_func_strdup=yes
ac_cv_func_strtod=yes
ac_cv_func_strtol=yes
ac_cv_func_strtoul=yes
ac_cv_func_vfork=yes
ac_cv_func_vfork_works=yes
ac_cv_func_vprintf=yes
ac_cv_have_x='have_x=yes	ac_x_includes='\'''\''	ac_x_libraries='\'''\'''
ac_cv_header_dirent_dirent_h=yes
ac_cv_header_fcntl_h=yes
ac_cv_header_inttypes_h=yes
ac_cv_header_limits_h=yes
ac_cv_header_malloc_h=yes
ac_cv_header_memory_h=yes
ac_cv_header_sgtty_h=yes
ac_cv_header_stdc=yes
ac_cv_header_stdint_h=yes
ac_cv_header_stdlib_h=yes
ac_cv_header_string_h=yes
ac_cv_header_strings_h=yes
ac_cv_header_sys_file_h=yes
ac_cv_header_sys_ioctl_h=yes
ac_cv_header_sys_stat_h=yes
ac_cv_header_sys_time_h=yes
ac_cv_header_sys_types_h=yes
ac_cv_header_sys_wait_h=yes
ac_cv_header_time=yes
ac_cv_header_unistd_h=yes
ac_cv_header_values_h=yes
ac_cv_header_vfork_h=no
ac_cv_host=x86_64-unknown-linux-gnu
ac_cv_lib_GLU_gluProject=yes
ac_cv_lib_GL_glBegin=yes
ac_cv_lib_ICE_IceConnectionNumber=yes
ac_cv_lib_MesaGL_glBegin=no
ac_cv_objext=o
ac_cv_path_EGREP='/bin/grep -E'
ac_cv_path_GREP=/bin/grep
ac_cv_path_install='/usr/bin/install -c'
ac_cv_prog_CPP='gcc -E'
ac_cv_prog_ac_ct_CC=gcc
ac_cv_prog_ac_ct_CXX=g++
ac_cv_prog_ac_ct_RANLIB=ranlib
ac_cv_prog_cc_c89=
ac_cv_prog_cc_g=yes
ac_cv_prog_cxx_g=yes
ac_cv_prog_gcc_traditional=no
ac_cv_prog_make_make_set=yes
ac_cv_search_opendir='none required'
ac_cv_search_sqrtf=-lm
ac_cv_struct_tm=time.h
ac_cv_type_getgroups=gid_t
ac_cv_type_off_t=yes
ac_cv_type_pid_t=yes
ac_cv_type_signal=void
ac_cv_type_size_t=yes
ac_cv_type_uid_t=yes
ac_cv_working_alloca_h=yes

## ----------------- ##
## Output variables. ##
## ----------------- ##

ALLOCA=''
CAVE_INC=''
CAVE_LIB=''
CC='gcc'
CFLAGS='-g -O2 '
CPP='gcc -E'
CPPFLAGS=''
CXX='g++'
CXXFLAGS='-g -O2'
DEFS='-DHAVE_CONFIG_H'
ECHO_C=''
ECHO_N='-n'
ECHO_T=''
EGREP='/bin/grep -E'
ELUMENS_INC=''
ELUMENS_LIB=''
EXEEXT=''
FLTK_INC='-I/data/vo/mlis/src/spacious-0.2-setup/bin/include'
FLTK_LIB='-L/data/vo/mlis/src/spacious-0.2-setup/bin/lib -lfltk_gl -lfltk'
GLLIBS='-lGLU -lGL'
GREP='/bin/grep'
HAVE_THREADS=''
IEEEIO_INC=''
IEEEIO_LIB=''
INSTALL_DATA='${INSTALL} -m 644'
INSTALL_PROGRAM='${INSTALL}'
INSTALL_SCRIPT='${INSTALL}'
KIRA_INC=''
KIRA_LIB=''
LDFLAGS=''
LIBOBJS=''
LIBS='-lm '
LTLIBOBJS=''
MAKEGUI='true'
OBJEXT='o'
PACKAGE_BUGREPORT=''
PACKAGE_NAME=''
PACKAGE_STRING=''
PACKAGE_TARNAME=''
PACKAGE_VERSION=''
PATH_SEPARATOR=':'
PORT_OBJS=''
PTHREAD_CC=''
PTHREAD_CFLAGS=''
PTHREAD_LIBS=''
PV_FLAGS='-Dunix -DUSE_WARP -DUSE_CONSTE -DUSE_MODEL'
RANLIB='ranlib'
SET_MAKE=''
SHELL='/bin/sh'
THREADLIBS=''
XLIBS='  -lSM -lICE -lXext -lX11 '
XMKMF=''
X_CFLAGS=''
X_EXTRA_LIBS=''
X_LIBS=''
X_PRE_LIBS=' -lSM -lICE'
ac_ct_CC='gcc'
ac_ct_CXX='g++'
bindir='${exec_prefix}/bin'
build='x86_64-unknown-linux-gnu'
build_alias=''
build_cpu='x86_64'
build_os='linux-gnu'
build_vendor='unknown'
datadir='${datarootdir}'
datarootdir='${prefix}/share'
docdir='${datarootdir}/doc/${PACKAGE}'
dvidir='${docdir}'
exec_prefix='${prefix}'
host='x86_64-unknown-linux-gnu'
host_alias=''
host_cpu='x86_64'
host_os='linux-gnu'
host_vendor='unknown'
htmldir='${docdir}'
includedir='${prefix}/include'
infodir='${datarootdir}/info'
libdir='${exec_prefix}/lib'
libexecdir='${exec_prefix}/libexec'
localedir='${datarootdir}/locale'
localstatedir='${prefix}/var'
mandir='${datarootdir}/man'
oldincludedir='/usr/include'
pdfdir='${docdir}'
prefix='/usr/local'
program_transform_name='s,x,x,'
psdir='${docdir}'
sbindir='${exec_prefix}/sbin'
sharedstatedir='${prefix}/com'
sysconfdir='${prefix}/etc'
target_alias=''

## ----------- ##
## confdefs.h. ##
## ----------- ##

#define PACKAGE_NAME ""
#define PACKAGE_TARNAME ""
#define PACKAGE_VERSION ""
#define PACKAGE_STRING ""
#define PACKAGE_BUGREPORT ""
#define STDC_HEADERS 1
#define HAVE_STRCHR 1
#define HAVE_MEMCPY 1
#define HAVE_SNPRINTF 1
#define HAVE_STRCASECMP 1
#define HAVE_SYS_TYPES_H 1
#define HAVE_SYS_STAT_H 1
#define HAVE_STDLIB_H 1
#define HAVE_STRING_H 1
#define HAVE_MEMORY_H 1
#define HAVE_STRINGS_H 1
#define HAVE_INTTYPES_H 1
#define HAVE_STDINT_H 1
#define HAVE_UNISTD_H 1
#define HAVE_MALLOC_H 1
#define HAVE_ALLOCA_H 1
#define HAVE_ALLOCA 1
#define HAVE_OPENGL 1
#define HAVE_DIRENT_H 1
#define STDC_HEADERS 1
#define HAVE_SYS_WAIT_H 1
#define HAVE_FCNTL_H 1
#define HAVE_LIMITS_H 1
#define HAVE_MALLOC_H 1
#define HAVE_SGTTY_H 1
#define HAVE_STRINGS_H 1
#define HAVE_SYS_FILE_H 1
#define HAVE_SYS_IOCTL_H 1
#define HAVE_SYS_TIME_H 1
#define HAVE_UNISTD_H 1
#define HAVE_VALUES_H 1
#define TIME_WITH_SYS_TIME 1
#define GETGROUPS_T gid_t
#define HAVE_STDLIB_H 1
#define HAVE_UNISTD_H 1
#define HAVE_GETPAGESIZE 1
#define HAVE_MMAP 1
#define RETSIGTYPE void
#define HAVE_FORK 1
#define HAVE_VFORK 1
#define HAVE_WORKING_VFORK 1
#define HAVE_WORKING_FORK 1
#define HAVE_VPRINTF 1
#define HAVE_SQRTF 1
#define HAVE_STRCHR 1
#define HAVE_MEMCPY 1
#define HAVE_SNPRINTF 1
#define HAVE_STRCASECMP 1
#define HAVE_FTIME 1
#define HAVE_GETHOSTNAME 1
#define HAVE_GETTIMEOFDAY 1
#define HAVE_GETWD 1
#define HAVE_MKDIR 1
#define HAVE_SELECT 1
#define HAVE_STRDUP 1
#define HAVE_STRTOD 1
#define HAVE_STRTOL 1
#define HAVE_STRTOUL 1

configure: exit 0

## ---------------------- ##
## Running config.status. ##
## ---------------------- ##

This file was extended by config.status, which was
generated by GNU Autoconf 2.61.  Invocation command line was

  CONFIG_FILES    = 
  CONFIG_HEADERS  = 
  CONFIG_LINKS    = 
  CONFIG_COMMANDS = 
  $ ./config.status 

on asti

config.status:635: creating config.h
config.status:909: config.h is unchanged

## ---------------------- ##
## Running config.status. ##
## ---------------------- ##

This file was extended by config.status, which was
generated by GNU Autoconf 2.61.  Invocation command line was

  CONFIG_FILES    = 
  CONFIG_HEADERS  = 
  CONFIG_LINKS    = 
  CONFIG_COMMANDS = 
  $ ./config.status 

on asti

config.status:635: creating config.h
config.status:909: config.h is unchanged

## ---------------------- ##
## Running config.status. ##
## ---------------------- ##

This file was extended by config.status, which was
generated by GNU Autoconf 2.61.  Invocation command line was

  CONFIG_FILES    = 
  CONFIG_HEADERS  = 
  CONFIG_LINKS    = 
  CONFIG_COMMANDS = 
  $ ./config.status 

on asti

config.status:635: creating config.h
config.status:909: config.h is unchanged

## ---------------------- ##
## Running config.status. ##
## ---------------------- ##

This file was extended by config.status, which was
generated by GNU Autoconf 2.61.  Invocation command line was

  CONFIG_FILES    = 
  CONFIG_HEADERS  = 
  CONFIG_LINKS    = 
  CONFIG_COMMANDS = 
  $ ./config.status 

on asti

config.status:635: creating config.h
config.status:909: config.h is unchanged

## ---------------------- ##
## Running config.status. ##
## ---------------------- ##

This file was extended by config.status, which was
generated by GNU Autoconf 2.61.  Invocation command line was

  CONFIG_FILES    = 
  CONFIG_HEADERS  = 
  CONFIG_LINKS    = 
  CONFIG_COMMANDS = 
  $ ./config.status 

on asti

config.status:635: creating config.h
config.status:909: config.h is unchanged

## ---------------------- ##
## Running config.status. ##
## ---------------------- ##

This file was extended by config.status, which was
generated by GNU Autoconf 2.61.  Invocation command line was

  CONFIG_FILES    = 
  CONFIG_HEADERS  = 
  CONFIG_LINKS    = 
  CONFIG_COMMANDS = 
  $ ./config.status 

on asti

config.status:635: creating config.h
config.status:909: config.h is unchanged

## ---------------------- ##
## Running config.status. ##
## ---------------------- ##

This file was extended by config.status, which was
generated by GNU Autoconf 2.61.  Invocation command line was

  CONFIG_FILES    = 
  CONFIG_HEADERS  = 
  CONFIG_LINKS    = 
  CONFIG_COMMANDS = 
  $ ./config.status 

on asti

config.status:635: creating config.h
config.status:909: config.h is unchanged

## ---------------------- ##
## Running config.status. ##
## ---------------------- ##

This file was extended by config.status, which was
generated by GNU Autoconf 2.61.  Invocation command line was

  CONFIG_FILES    = 
  CONFIG_HEADERS  = 
  CONFIG_LINKS    = 
  CONFIG_COMMANDS = 
  $ ./config.status 

on asti

config.status:635: creating config.h
config.status:909: config.h is unchanged

## ---------------------- ##
## Running config.status. ##
## ---------------------- ##

This file was extended by config.status, which was
generated by GNU Autoconf 2.61.  Invocation command line was

  CONFIG_FILES    = 
  CONFIG_HEADERS  = 
  CONFIG_LINKS    = 
  CONFIG_COMMANDS = 
  $ ./config.status 

on asti

config.status:635: creating config.h
config.status:909: config.h is unchanged

## ---------------------- ##
## Running config.status. ##
## ---------------------- ##

This file was extended by config.status, which was
generated by GNU Autoconf 2.61.  Invocation command line was

  CONFIG_FILES    = 
  CONFIG_HEADERS  = 
  CONFIG_LINKS    = 
  CONFIG_COMMANDS = 
  $ ./config.status 

on asti

config.status:635: creating config.h
config.status:909: config.h is unchanged

## ---------------------- ##
## Running config.status. ##
## ---------------------- ##

This file was extended by config.status, which was
generated by GNU Autoconf 2.61.  Invocation command line was

  CONFIG_FILES    = 
  CONFIG_HEADERS  = 
  CONFIG_LINKS    = 
  CONFIG_COMMANDS = 
  $ ./config.status 

on asti

config.status:635: creating config.h
config.status:909: config.h is unchanged

## ---------------------- ##
## Running config.status. ##
## ---------------------- ##

This file was extended by config.status, which was
generated by GNU Autoconf 2.61.  Invocation command line was

  CONFIG_FILES    = 
  CONFIG_HEADERS  = 
  CONFIG_LINKS    = 
  CONFIG_COMMANDS = 
  $ ./config.status 

on asti

config.status:635: creating config.h
config.status:909: config.h is unchanged

## ---------------------- ##
## Running config.status. ##
## ---------------------- ##

This file was extended by config.status, which was
generated by GNU Autoconf 2.61.  Invocation command line was

  CONFIG_FILES    = 
  CONFIG_HEADERS  = 
  CONFIG_LINKS    = 
  CONFIG_COMMANDS = 
  $ ./config.status 

on asti

config.status:635: creating config.h
config.status:909: config.h is unchanged

## ---------------------- ##
## Running config.status. ##
## ---------------------- ##

This file was extended by config.status, which was
generated by GNU Autoconf 2.61.  Invocation command line was

  CONFIG_FILES    = 
  CONFIG_HEADERS  = 
  CONFIG_LINKS    = 
  CONFIG_COMMANDS = 
  $ ./config.status 

on asti

config.status:635: creating config.h
config.status:909: config.h is unchanged
